app/build/intermediates/manifest_merge_blame_file/debug/manifest-merger-blame-debug-report.txt
1<?xml version="1.0" encoding="utf-8"?>
2<manifest xmlns:android="http://schemas.android.com/apk/res/android"
3    package="com.example.teamproject6"
4    android:versionCode="1"
5    android:versionName="1.0" >
6
7    <uses-sdk
8        android:minSdkVersion="21"
8-->src\main\AndroidManifest.xml
9        android:targetSdkVersion="31" />
9-->src\main\AndroidManifest.xml
10
11    <uses-permission android:name="android.permission.CAMERA" />
11-->src\main\AndroidManifest.xml:4:5-65
11-->src\main\AndroidManifest.xml:4:22-62
12    <uses-permission android:name="android.permission.INTERNET" />
12-->src\main\AndroidManifest.xml:5:5-66
12-->src\main\AndroidManifest.xml:5:22-64
13
14    <uses-feature
14-->src\main\AndroidManifest.xml:6:5-84
15        android:name="android.hardware.camera"
15-->src\main\AndroidManifest.xml:6:19-57
16        android:required="false" />
16-->src\main\AndroidManifest.xml:6:58-82
17    <uses-feature
17-->src\main\AndroidManifest.xml:7:5-94
18        android:name="android.hardware.camera.autofocus"
18-->src\main\AndroidManifest.xml:7:19-67
19        android:required="false" />
19-->src\main\AndroidManifest.xml:7:68-92
20    <uses-feature
20-->src\main\AndroidManifest.xml:8:5-90
21        android:name="android.hardware.camera.front"
21-->src\main\AndroidManifest.xml:8:19-63
22        android:required="false" />
22-->src\main\AndroidManifest.xml:8:64-88
23    <uses-feature
23-->src\main\AndroidManifest.xml:9:5-100
24        android:name="android.hardware.camera.front.autofocus"
24-->src\main\AndroidManifest.xml:9:19-73
25        android:required="false" />
25-->src\main\AndroidManifest.xml:9:74-98
26
27    <supports-screens
27-->src\main\AndroidManifest.xml:12:5-17:11
28        android:anyDensity="true"
28-->src\main\AndroidManifest.xml:16:9-34
29        android:largeScreens="true"
29-->src\main\AndroidManifest.xml:15:9-36
30        android:normalScreens="true"
30-->src\main\AndroidManifest.xml:14:9-37
31        android:resizeable="true"
31-->src\main\AndroidManifest.xml:12:23-48
32        android:smallScreens="true" />
32-->src\main\AndroidManifest.xml:13:9-36
33
34    <application
34-->src\main\AndroidManifest.xml:18:5-38:19
35        android:name="com.example.teamproject6.ApplicationController"
35-->src\main\AndroidManifest.xml:19:9-46
36        android:allowBackup="true"
36-->src\main\AndroidManifest.xml:20:9-35
37        android:appComponentFactory="androidx.core.app.CoreComponentFactory"
37-->[androidx.core:core:1.7.0] AndroidManifest.xml:24:18-86
38        android:debuggable="true"
39        android:icon="@mipmap/ic_main"
39-->src\main\AndroidManifest.xml:21:9-39
40        android:label="@string/app_name"
40-->src\main\AndroidManifest.xml:22:9-41
41        android:roundIcon="@mipmap/ic_main_round"
41-->src\main\AndroidManifest.xml:23:9-50
42        android:supportsRtl="true"
42-->src\main\AndroidManifest.xml:24:9-35
43        android:testOnly="true"
44        android:theme="@style/Theme.Teamproject6" >
44-->src\main\AndroidManifest.xml:25:9-50
45        <activity
45-->src\main\AndroidManifest.xml:26:9-36:20
46            android:name="com.example.teamproject6.MainActivity"
46-->src\main\AndroidManifest.xml:27:13-41
47            android:configChanges="keyboardHidden|orientation"
47-->src\main\AndroidManifest.xml:29:13-63
48            android:exported="true"
48-->src\main\AndroidManifest.xml:30:13-36
49            android:screenOrientation="landscape" >
49-->src\main\AndroidManifest.xml:28:13-50
50            <intent-filter>
50-->src\main\AndroidManifest.xml:31:13-35:29
51                <action android:name="android.intent.action.MAIN" />
51-->src\main\AndroidManifest.xml:32:17-69
51-->src\main\AndroidManifest.xml:32:25-66
52
53                <category android:name="android.intent.category.LAUNCHER" />
53-->src\main\AndroidManifest.xml:34:17-77
53-->src\main\AndroidManifest.xml:34:27-74
54            </intent-filter>
55        </activity>
56        <activity
56-->src\main\AndroidManifest.xml:37:9-74
57            android:name="com.example.teamproject6.CameraActivity"
57-->src\main\AndroidManifest.xml:37:19-49
58            android:label="카메라 실행" />
58-->src\main\AndroidManifest.xml:37:50-72
59
60        <provider
60-->[androidx.emoji2:emoji2:1.0.0] AndroidManifest.xml:26:9-34:20
61            android:name="androidx.startup.InitializationProvider"
61-->[androidx.emoji2:emoji2:1.0.0] AndroidManifest.xml:27:13-67
62            android:authorities="com.example.teamproject6.androidx-startup"
62-->[androidx.emoji2:emoji2:1.0.0] AndroidManifest.xml:28:13-68
63            android:exported="false" >
63-->[androidx.emoji2:emoji2:1.0.0] AndroidManifest.xml:29:13-37
64            <meta-data
64-->[androidx.emoji2:emoji2:1.0.0] AndroidManifest.xml:31:13-33:52
65                android:name="androidx.emoji2.text.EmojiCompatInitializer"
65-->[androidx.emoji2:emoji2:1.0.0] AndroidManifest.xml:32:17-75
66                android:value="androidx.startup" />
66-->[androidx.emoji2:emoji2:1.0.0] AndroidManifest.xml:33:17-49
67            <meta-data
67-->[androidx.lifecycle:lifecycle-process:2.4.0] AndroidManifest.xml:31:13-33:52
68                android:name="androidx.lifecycle.ProcessLifecycleInitializer"
68-->[androidx.lifecycle:lifecycle-process:2.4.0] AndroidManifest.xml:32:17-78
69                android:value="androidx.startup" />
69-->[androidx.lifecycle:lifecycle-process:2.4.0] AndroidManifest.xml:33:17-49
70        </provider>
71    </application>
72
73</manifest>